{"C:\\Users\\User\\Programming\\Node projects\\scalable-ecommerce-platform\\order-service\\src\\controllers\\order.controllers.ts": {"path":"C:\\Users\\User\\Programming\\Node projects\\scalable-ecommerce-platform\\order-service\\src\\controllers\\order.controllers.ts","statementMap":{"0":{"start":{"line":2,"column":0},"end":{"line":2,"column":53}},"1":{"start":{"line":3,"column":0},"end":{"line":3,"column":47}},"2":{"start":{"line":4,"column":0},"end":{"line":4,"column":63}},"3":{"start":{"line":5,"column":0},"end":{"line":5,"column":62}},"4":{"start":{"line":7,"column":31},"end":{"line":58,"column":1}},"5":{"start":{"line":8,"column":2},"end":{"line":57,"column":3}},"6":{"start":{"line":9,"column":23},"end":{"line":9,"column":31}},"7":{"start":{"line":10,"column":29},"end":{"line":10,"column":49}},"8":{"start":{"line":12,"column":4},"end":{"line":13,"column":77}},"9":{"start":{"line":13,"column":6},"end":{"line":13,"column":77}},"10":{"start":{"line":16,"column":34},"end":{"line":16,"column":71}},"11":{"start":{"line":18,"column":20},"end":{"line":24,"column":null}},"12":{"start":{"line":27,"column":4},"end":{"line":32,"column":8}},"13":{"start":{"line":28,"column":6},"end":{"line":32,"column":8}},"14":{"start":{"line":34,"column":24},"end":{"line":34,"column":44}},"15":{"start":{"line":36,"column":4},"end":{"line":37,"column":63}},"16":{"start":{"line":37,"column":6},"end":{"line":37,"column":63}},"17":{"start":{"line":39,"column":29},"end":{"line":39,"column":53}},"18":{"start":{"line":43,"column":18},"end":{"line":43,"column":41}},"19":{"start":{"line":46,"column":24},"end":{"line":46,"column":47}},"20":{"start":{"line":47,"column":4},"end":{"line":47,"column":29}},"21":{"start":{"line":49,"column":4},"end":{"line":49,"column":62}},"22":{"start":{"line":49,"column":44},"end":{"line":49,"column":62}},"23":{"start":{"line":52,"column":4},"end":{"line":52,"column":38}},"24":{"start":{"line":54,"column":4},"end":{"line":54,"column":21}},"25":{"start":{"line":56,"column":4},"end":{"line":56,"column":34}},"26":{"start":{"line":127,"column":2},"end":{"line":127,"column":24}},"27":{"start":{"line":60,"column":35},"end":{"line":83,"column":1}},"28":{"start":{"line":61,"column":2},"end":{"line":82,"column":3}},"29":{"start":{"line":62,"column":20},"end":{"line":62,"column":38}},"30":{"start":{"line":64,"column":4},"end":{"line":65,"column":78}},"31":{"start":{"line":65,"column":6},"end":{"line":65,"column":78}},"32":{"start":{"line":68,"column":20},"end":{"line":68,"column":54}},"33":{"start":{"line":71,"column":4},"end":{"line":71,"column":54}},"34":{"start":{"line":71,"column":40},"end":{"line":71,"column":54}},"35":{"start":{"line":74,"column":4},"end":{"line":75,"column":64}},"36":{"start":{"line":75,"column":6},"end":{"line":75,"column":64}},"37":{"start":{"line":77,"column":4},"end":{"line":77,"column":79}},"38":{"start":{"line":79,"column":4},"end":{"line":79,"column":21}},"39":{"start":{"line":81,"column":4},"end":{"line":81,"column":34}},"40":{"start":{"line":128,"column":2},"end":{"line":128,"column":28}},"41":{"start":{"line":85,"column":29},"end":{"line":102,"column":1}},"42":{"start":{"line":86,"column":2},"end":{"line":101,"column":3}},"43":{"start":{"line":88,"column":22},"end":{"line":88,"column":42}},"44":{"start":{"line":91,"column":20},"end":{"line":91,"column":65}},"45":{"start":{"line":94,"column":4},"end":{"line":94,"column":54}},"46":{"start":{"line":94,"column":40},"end":{"line":94,"column":54}},"47":{"start":{"line":96,"column":4},"end":{"line":96,"column":80}},"48":{"start":{"line":98,"column":4},"end":{"line":98,"column":21}},"49":{"start":{"line":100,"column":4},"end":{"line":100,"column":34}},"50":{"start":{"line":129,"column":2},"end":{"line":129,"column":22}},"51":{"start":{"line":104,"column":37},"end":{"line":124,"column":1}},"52":{"start":{"line":105,"column":2},"end":{"line":123,"column":3}},"53":{"start":{"line":106,"column":26},"end":{"line":106,"column":34}},"54":{"start":{"line":107,"column":4},"end":{"line":107,"column":38}},"55":{"start":{"line":108,"column":24},"end":{"line":108,"column":34}},"56":{"start":{"line":111,"column":18},"end":{"line":111,"column":59}},"57":{"start":{"line":114,"column":20},"end":{"line":114,"column":43}},"58":{"start":{"line":116,"column":4},"end":{"line":116,"column":54}},"59":{"start":{"line":116,"column":40},"end":{"line":116,"column":54}},"60":{"start":{"line":118,"column":4},"end":{"line":118,"column":34}},"61":{"start":{"line":120,"column":4},"end":{"line":120,"column":21}},"62":{"start":{"line":122,"column":4},"end":{"line":122,"column":34}},"63":{"start":{"line":130,"column":2},"end":{"line":130,"column":30}}},"fnMap":{"0":{"name":"(anonymous_1)","decl":{"start":{"line":7,"column":31},"end":{"line":7,"column":36}},"loc":{"start":{"line":7,"column":69},"end":{"line":58,"column":1}}},"1":{"name":"(anonymous_2)","decl":{"start":{"line":60,"column":35},"end":{"line":60,"column":40}},"loc":{"start":{"line":60,"column":73},"end":{"line":83,"column":1}}},"2":{"name":"(anonymous_3)","decl":{"start":{"line":85,"column":29},"end":{"line":85,"column":34}},"loc":{"start":{"line":85,"column":67},"end":{"line":102,"column":1}}},"3":{"name":"(anonymous_4)","decl":{"start":{"line":104,"column":37},"end":{"line":104,"column":42}},"loc":{"start":{"line":104,"column":75},"end":{"line":124,"column":1}}}},"branchMap":{"0":{"loc":{"start":{"line":12,"column":4},"end":{"line":13,"column":77}},"type":"if","locations":[{"start":{"line":12,"column":4},"end":{"line":13,"column":77}}]},"1":{"loc":{"start":{"line":27,"column":4},"end":{"line":32,"column":8}},"type":"if","locations":[{"start":{"line":27,"column":4},"end":{"line":32,"column":8}}]},"2":{"loc":{"start":{"line":36,"column":4},"end":{"line":37,"column":63}},"type":"if","locations":[{"start":{"line":36,"column":4},"end":{"line":37,"column":63}}]},"3":{"loc":{"start":{"line":49,"column":4},"end":{"line":49,"column":62}},"type":"if","locations":[{"start":{"line":49,"column":4},"end":{"line":49,"column":62}}]},"4":{"loc":{"start":{"line":64,"column":4},"end":{"line":65,"column":78}},"type":"if","locations":[{"start":{"line":64,"column":4},"end":{"line":65,"column":78}}]},"5":{"loc":{"start":{"line":71,"column":4},"end":{"line":71,"column":54}},"type":"if","locations":[{"start":{"line":71,"column":4},"end":{"line":71,"column":54}}]},"6":{"loc":{"start":{"line":74,"column":4},"end":{"line":75,"column":64}},"type":"if","locations":[{"start":{"line":74,"column":4},"end":{"line":75,"column":64}}]},"7":{"loc":{"start":{"line":94,"column":4},"end":{"line":94,"column":54}},"type":"if","locations":[{"start":{"line":94,"column":4},"end":{"line":94,"column":54}}]},"8":{"loc":{"start":{"line":116,"column":4},"end":{"line":116,"column":54}},"type":"if","locations":[{"start":{"line":116,"column":4},"end":{"line":116,"column":54}}]}},"s":{"0":1,"1":1,"2":1,"3":1,"4":1,"5":3,"6":3,"7":3,"8":3,"9":0,"10":3,"11":3,"12":3,"13":1,"14":2,"15":2,"16":1,"17":1,"18":1,"19":1,"20":1,"21":1,"22":0,"23":1,"24":2,"25":2,"26":1,"27":1,"28":3,"29":3,"30":3,"31":0,"32":3,"33":3,"34":1,"35":2,"36":1,"37":1,"38":2,"39":2,"40":1,"41":1,"42":3,"43":3,"44":3,"45":3,"46":2,"47":1,"48":2,"49":2,"50":1,"51":1,"52":2,"53":2,"54":2,"55":2,"56":2,"57":2,"58":2,"59":1,"60":1,"61":1,"62":1,"63":1},"f":{"0":3,"1":3,"2":3,"3":2},"b":{"0":[0],"1":[1],"2":[1],"3":[0],"4":[0],"5":[1],"6":[1],"7":[2],"8":[1]}}
,"C:\\Users\\User\\Programming\\Node projects\\scalable-ecommerce-platform\\order-service\\src\\models\\error.models.ts": {"path":"C:\\Users\\User\\Programming\\Node projects\\scalable-ecommerce-platform\\order-service\\src\\models\\error.models.ts","statementMap":{"0":{"start":{"line":11,"column":4},"end":{"line":11,"column":19}},"1":{"start":{"line":12,"column":4},"end":{"line":12,"column":27}},"2":{"start":{"line":13,"column":4},"end":{"line":13,"column":27}},"3":{"start":{"line":14,"column":4},"end":{"line":14,"column":27}},"4":{"start":{"line":18,"column":9},"end":{"line":18,"column":20}}},"fnMap":{"0":{"name":"(anonymous_0)","decl":{"start":{"line":5,"column":2},"end":{"line":5,"column":null}},"loc":{"start":{"line":9,"column":17},"end":{"line":15,"column":3}}}},"branchMap":{},"s":{"0":14,"1":14,"2":14,"3":14,"4":2},"f":{"0":14},"b":{}}
,"C:\\Users\\User\\Programming\\Node projects\\scalable-ecommerce-platform\\order-service\\src\\models\\order.models.ts": {"path":"C:\\Users\\User\\Programming\\Node projects\\scalable-ecommerce-platform\\order-service\\src\\models\\order.models.ts","statementMap":{"0":{"start":{"line":3,"column":0},"end":{"line":3,"column":47}},"1":{"start":{"line":4,"column":0},"end":{"line":4,"column":45}},"2":{"start":{"line":5,"column":0},"end":{"line":5,"column":54}},"3":{"start":{"line":19,"column":4},"end":{"line":19,"column":21}},"4":{"start":{"line":20,"column":4},"end":{"line":20,"column":21}},"5":{"start":{"line":21,"column":4},"end":{"line":21,"column":25}},"6":{"start":{"line":22,"column":4},"end":{"line":22,"column":27}},"7":{"start":{"line":27,"column":18},"end":{"line":29,"column":2}},"8":{"start":{"line":30,"column":4},"end":{"line":44,"column":5}},"9":{"start":{"line":31,"column":23},"end":{"line":31,"column":56}},"10":{"start":{"line":33,"column":6},"end":{"line":34,"column":64}},"11":{"start":{"line":34,"column":8},"end":{"line":34,"column":64}},"12":{"start":{"line":36,"column":6},"end":{"line":36,"column":18}},"13":{"start":{"line":38,"column":6},"end":{"line":43,"column":8}},"14":{"start":{"line":49,"column":18},"end":{"line":53,"column":4}},"15":{"start":{"line":55,"column":4},"end":{"line":67,"column":5}},"16":{"start":{"line":56,"column":23},"end":{"line":56,"column":57}},"17":{"start":{"line":57,"column":6},"end":{"line":58,"column":63}},"18":{"start":{"line":58,"column":8},"end":{"line":58,"column":63}},"19":{"start":{"line":59,"column":6},"end":{"line":59,"column":18}},"20":{"start":{"line":61,"column":6},"end":{"line":66,"column":8}},"21":{"start":{"line":72,"column":36},"end":{"line":72,"column":40}},"22":{"start":{"line":73,"column":4},"end":{"line":128,"column":5}},"23":{"start":{"line":75,"column":6},"end":{"line":75,"column":36}},"24":{"start":{"line":78,"column":6},"end":{"line":78,"column":34}},"25":{"start":{"line":80,"column":6},"end":{"line":121,"column":7}},"26":{"start":{"line":82,"column":22},"end":{"line":86,"column":14}},"27":{"start":{"line":87,"column":8},"end":{"line":87,"column":63}},"28":{"start":{"line":89,"column":8},"end":{"line":89,"column":37}},"29":{"start":{"line":90,"column":8},"end":{"line":90,"column":79}},"30":{"start":{"line":93,"column":24},"end":{"line":95,"column":null}},"31":{"start":{"line":98,"column":8},"end":{"line":103,"column":12}},"32":{"start":{"line":99,"column":10},"end":{"line":103,"column":12}},"33":{"start":{"line":106,"column":22},"end":{"line":110,"column":14}},"34":{"start":{"line":111,"column":23},"end":{"line":111,"column":58}},"35":{"start":{"line":113,"column":25},"end":{"line":113,"column":58}},"36":{"start":{"line":115,"column":8},"end":{"line":115,"column":38}},"37":{"start":{"line":117,"column":8},"end":{"line":120,"column":11}},"38":{"start":{"line":123,"column":6},"end":{"line":123,"column":38}},"39":{"start":{"line":125,"column":6},"end":{"line":125,"column":76}},"40":{"start":{"line":127,"column":6},"end":{"line":127,"column":24}},"41":{"start":{"line":132,"column":9},"end":{"line":132,"column":14}}},"fnMap":{"0":{"name":"(anonymous_0)","decl":{"start":{"line":13,"column":2},"end":{"line":13,"column":null}},"loc":{"start":{"line":17,"column":20},"end":{"line":23,"column":3}}},"1":{"name":"(anonymous_1)","decl":{"start":{"line":26,"column":2},"end":{"line":26,"column":8}},"loc":{"start":{"line":26,"column":50},"end":{"line":45,"column":3}}},"2":{"name":"(anonymous_2)","decl":{"start":{"line":48,"column":2},"end":{"line":48,"column":8}},"loc":{"start":{"line":48,"column":44},"end":{"line":68,"column":3}}},"3":{"name":"(anonymous_3)","decl":{"start":{"line":71,"column":2},"end":{"line":71,"column":7}},"loc":{"start":{"line":71,"column":17},"end":{"line":129,"column":3}}}},"branchMap":{"0":{"loc":{"start":{"line":16,"column":4},"end":{"line":16,"column":22}},"type":"default-arg","locations":[{"start":{"line":16,"column":13},"end":{"line":16,"column":22}}]},"1":{"loc":{"start":{"line":33,"column":6},"end":{"line":34,"column":64}},"type":"if","locations":[{"start":{"line":33,"column":6},"end":{"line":34,"column":64}}]},"2":{"loc":{"start":{"line":57,"column":6},"end":{"line":58,"column":63}},"type":"if","locations":[{"start":{"line":57,"column":6},"end":{"line":58,"column":63}}]},"3":{"loc":{"start":{"line":80,"column":6},"end":{"line":121,"column":7}},"type":"if","locations":[{"start":{"line":80,"column":6},"end":{"line":121,"column":7}},{"start":{"line":91,"column":13},"end":{"line":121,"column":7}}]},"4":{"loc":{"start":{"line":98,"column":8},"end":{"line":103,"column":12}},"type":"if","locations":[{"start":{"line":98,"column":8},"end":{"line":103,"column":12}}]}},"s":{"0":1,"1":1,"2":1,"3":3,"4":3,"5":3,"6":3,"7":0,"8":0,"9":0,"10":0,"11":0,"12":0,"13":0,"14":0,"15":0,"16":0,"17":0,"18":0,"19":0,"20":0,"21":0,"22":0,"23":0,"24":0,"25":0,"26":0,"27":0,"28":0,"29":0,"30":0,"31":0,"32":0,"33":0,"34":0,"35":0,"36":0,"37":0,"38":0,"39":0,"40":0,"41":1},"f":{"0":3,"1":0,"2":0,"3":0},"b":{"0":[1],"1":[0],"2":[0],"3":[0,0],"4":[0]}}
,"C:\\Users\\User\\Programming\\Node projects\\scalable-ecommerce-platform\\order-service\\src\\models\\response.models.ts": {"path":"C:\\Users\\User\\Programming\\Node projects\\scalable-ecommerce-platform\\order-service\\src\\models\\response.models.ts","statementMap":{"0":{"start":{"line":34,"column":4},"end":{"line":38,"column":25}},"1":{"start":{"line":42,"column":20},"end":{"line":42,"column":37}}},"fnMap":{"0":{"name":"(anonymous_0)","decl":{"start":{"line":23,"column":2},"end":{"line":23,"column":null}},"loc":{"start":{"line":32,"column":5},"end":{"line":39,"column":3}}}},"branchMap":{},"s":{"0":8,"1":2},"f":{"0":8},"b":{}}
,"C:\\Users\\User\\Programming\\Node projects\\scalable-ecommerce-platform\\order-service\\src\\utils\\databaseConfig.ts": {"path":"C:\\Users\\User\\Programming\\Node projects\\scalable-ecommerce-platform\\order-service\\src\\utils\\databaseConfig.ts","statementMap":{"0":{"start":{"line":1,"column":0},"end":{"line":1,"column":26}},"1":{"start":{"line":2,"column":0},"end":{"line":2,"column":33}},"2":{"start":{"line":3,"column":0},"end":{"line":3,"column":16}},"3":{"start":{"line":5,"column":13},"end":{"line":14,"column":2}},"4":{"start":{"line":42,"column":9},"end":{"line":42,"column":13}},"5":{"start":{"line":16,"column":0},"end":{"line":19,"column":3}},"6":{"start":{"line":17,"column":2},"end":{"line":17,"column":76}},"7":{"start":{"line":18,"column":2},"end":{"line":18,"column":19}},"8":{"start":{"line":21,"column":0},"end":{"line":23,"column":3}},"9":{"start":{"line":22,"column":2},"end":{"line":22,"column":38}},"10":{"start":{"line":25,"column":0},"end":{"line":27,"column":3}},"11":{"start":{"line":26,"column":2},"end":{"line":26,"column":36}},"12":{"start":{"line":29,"column":38},"end":{"line":40,"column":1}},"13":{"start":{"line":30,"column":2},"end":{"line":39,"column":5}},"14":{"start":{"line":31,"column":4},"end":{"line":38,"column":5}},"15":{"start":{"line":32,"column":6},"end":{"line":32,"column":23}},"16":{"start":{"line":33,"column":6},"end":{"line":33,"column":36}},"17":{"start":{"line":34,"column":6},"end":{"line":34,"column":22}},"18":{"start":{"line":36,"column":6},"end":{"line":36,"column":48}},"19":{"start":{"line":37,"column":6},"end":{"line":37,"column":22}},"20":{"start":{"line":42,"column":15},"end":{"line":42,"column":44}}},"fnMap":{"0":{"name":"(anonymous_9)","decl":{"start":{"line":16,"column":17},"end":{"line":16,"column":18}},"loc":{"start":{"line":16,"column":33},"end":{"line":19,"column":1}}},"1":{"name":"(anonymous_10)","decl":{"start":{"line":21,"column":19},"end":{"line":21,"column":20}},"loc":{"start":{"line":21,"column":30},"end":{"line":23,"column":1}}},"2":{"name":"(anonymous_11)","decl":{"start":{"line":25,"column":19},"end":{"line":25,"column":20}},"loc":{"start":{"line":25,"column":30},"end":{"line":27,"column":1}}},"3":{"name":"(anonymous_12)","decl":{"start":{"line":29,"column":38},"end":{"line":29,"column":41}},"loc":{"start":{"line":29,"column":43},"end":{"line":40,"column":1}}},"4":{"name":"(anonymous_13)","decl":{"start":{"line":30,"column":24},"end":{"line":30,"column":29}},"loc":{"start":{"line":30,"column":35},"end":{"line":39,"column":3}}}},"branchMap":{},"s":{"0":1,"1":1,"2":1,"3":1,"4":1,"5":1,"6":0,"7":0,"8":1,"9":0,"10":1,"11":0,"12":1,"13":0,"14":0,"15":0,"16":0,"17":0,"18":0,"19":0,"20":1},"f":{"0":0,"1":0,"2":0,"3":0,"4":0},"b":{}}
,"C:\\Users\\User\\Programming\\Node projects\\scalable-ecommerce-platform\\order-service\\src\\utils\\errorResponseHelper.ts": {"path":"C:\\Users\\User\\Programming\\Node projects\\scalable-ecommerce-platform\\order-service\\src\\utils\\errorResponseHelper.ts","statementMap":{"0":{"start":{"line":6,"column":0},"end":{"line":6,"column":24}},"1":{"start":{"line":3,"column":0},"end":{"line":3,"column":53}},"2":{"start":{"line":4,"column":0},"end":{"line":4,"column":62}},"3":{"start":{"line":7,"column":2},"end":{"line":7,"column":19}},"4":{"start":{"line":9,"column":2},"end":{"line":29,"column":3}},"5":{"start":{"line":10,"column":18},"end":{"line":14,"column":6}},"6":{"start":{"line":16,"column":4},"end":{"line":18,"column":71}},"7":{"start":{"line":20,"column":18},"end":{"line":24,"column":6}},"8":{"start":{"line":26,"column":4},"end":{"line":28,"column":73}}},"fnMap":{"0":{"name":"errorResponseHelper","decl":{"start":{"line":6,"column":24},"end":{"line":6,"column":43}},"loc":{"start":{"line":6,"column":67},"end":{"line":30,"column":1}}}},"branchMap":{"0":{"loc":{"start":{"line":9,"column":2},"end":{"line":29,"column":3}},"type":"if","locations":[{"start":{"line":9,"column":2},"end":{"line":29,"column":3}},{"start":{"line":19,"column":9},"end":{"line":29,"column":3}}]}},"s":{"0":1,"1":1,"2":1,"3":0,"4":0,"5":0,"6":0,"7":0,"8":0},"f":{"0":0},"b":{"0":[0,0]}}
}
