TN:
SF:src\controllers\order.controllers.ts
FN:7,(anonymous_1)
FN:60,(anonymous_2)
FN:85,(anonymous_3)
FN:104,(anonymous_4)
FNF:4
FNH:4
FNDA:3,(anonymous_1)
FNDA:3,(anonymous_2)
FNDA:3,(anonymous_3)
FNDA:2,(anonymous_4)
DA:2,1
DA:3,1
DA:4,1
DA:5,1
DA:7,1
DA:8,3
DA:9,3
DA:10,3
DA:12,3
DA:13,0
DA:16,3
DA:18,3
DA:27,3
DA:28,1
DA:34,2
DA:36,2
DA:37,1
DA:39,1
DA:43,1
DA:46,1
DA:47,1
DA:49,1
DA:52,1
DA:54,2
DA:56,2
DA:60,1
DA:61,3
DA:62,3
DA:64,3
DA:65,0
DA:68,3
DA:71,3
DA:74,2
DA:75,1
DA:77,1
DA:79,2
DA:81,2
DA:85,1
DA:86,3
DA:88,3
DA:91,3
DA:94,3
DA:96,1
DA:98,2
DA:100,2
DA:104,1
DA:105,2
DA:106,2
DA:107,2
DA:108,2
DA:111,2
DA:114,2
DA:116,2
DA:118,1
DA:120,1
DA:122,1
DA:127,1
DA:128,1
DA:129,1
DA:130,1
LF:60
LH:58
BRDA:12,0,0,0
BRDA:27,1,0,1
BRDA:36,2,0,1
BRDA:49,3,0,0
BRDA:64,4,0,0
BRDA:71,5,0,1
BRDA:74,6,0,1
BRDA:94,7,0,2
BRDA:116,8,0,1
BRF:9
BRH:6
end_of_record
TN:
SF:src\models\error.models.ts
FN:5,(anonymous_0)
FNF:1
FNH:1
FNDA:14,(anonymous_0)
DA:11,14
DA:12,14
DA:13,14
DA:14,14
DA:18,2
LF:5
LH:5
BRF:0
BRH:0
end_of_record
TN:
SF:src\models\order.models.ts
FN:13,(anonymous_0)
FN:26,(anonymous_1)
FN:48,(anonymous_2)
FN:71,(anonymous_3)
FNF:4
FNH:1
FNDA:3,(anonymous_0)
FNDA:0,(anonymous_1)
FNDA:0,(anonymous_2)
FNDA:0,(anonymous_3)
DA:3,1
DA:4,1
DA:5,1
DA:19,3
DA:20,3
DA:21,3
DA:22,3
DA:27,0
DA:30,0
DA:31,0
DA:33,0
DA:34,0
DA:36,0
DA:38,0
DA:49,0
DA:55,0
DA:56,0
DA:57,0
DA:58,0
DA:59,0
DA:61,0
DA:72,0
DA:73,0
DA:75,0
DA:78,0
DA:80,0
DA:82,0
DA:87,0
DA:89,0
DA:90,0
DA:93,0
DA:98,0
DA:99,0
DA:106,0
DA:111,0
DA:113,0
DA:115,0
DA:117,0
DA:123,0
DA:125,0
DA:127,0
DA:132,1
LF:42
LH:8
BRDA:16,0,0,1
BRDA:33,1,0,0
BRDA:57,2,0,0
BRDA:80,3,0,0
BRDA:80,3,1,0
BRDA:98,4,0,0
BRF:6
BRH:1
end_of_record
TN:
SF:src\models\response.models.ts
FN:23,(anonymous_0)
FNF:1
FNH:1
FNDA:8,(anonymous_0)
DA:34,8
DA:42,2
LF:2
LH:2
BRF:0
BRH:0
end_of_record
TN:
SF:src\utils\databaseConfig.ts
FN:16,(anonymous_9)
FN:21,(anonymous_10)
FN:25,(anonymous_11)
FN:29,(anonymous_12)
FN:30,(anonymous_13)
FNF:5
FNH:0
FNDA:0,(anonymous_9)
FNDA:0,(anonymous_10)
FNDA:0,(anonymous_11)
FNDA:0,(anonymous_12)
FNDA:0,(anonymous_13)
DA:1,1
DA:2,1
DA:3,1
DA:5,1
DA:16,1
DA:17,0
DA:18,0
DA:21,1
DA:22,0
DA:25,1
DA:26,0
DA:29,1
DA:30,0
DA:31,0
DA:32,0
DA:33,0
DA:34,0
DA:36,0
DA:37,0
DA:42,1
LF:20
LH:9
BRF:0
BRH:0
end_of_record
TN:
SF:src\utils\errorResponseHelper.ts
FN:6,errorResponseHelper
FNF:1
FNH:0
FNDA:0,errorResponseHelper
DA:3,1
DA:4,1
DA:6,1
DA:7,0
DA:9,0
DA:10,0
DA:16,0
DA:20,0
DA:26,0
LF:9
LH:3
BRDA:9,0,0,0
BRDA:9,0,1,0
BRF:2
BRH:0
end_of_record
